Replace Part C1 EEE-1AA101WR in D:\PCB\FEDEVEL\1_Design_Your_Own_Board\28Pins_Projects_V1I1\28Pins_Schematic.SchDoc with EEE-1AA101WR from 28Pins_Projects_V1I1.SchLib
Replace Part C2 EEE-1AA101WR in D:\PCB\FEDEVEL\1_Design_Your_Own_Board\28Pins_Projects_V1I1\28Pins_Schematic.SchDoc with EEE-1AA101WR from 28Pins_Projects_V1I1.SchLib
Replace Part C3 C2012X5R1C106M085AC in D:\PCB\FEDEVEL\1_Design_Your_Own_Board\28Pins_Projects_V1I1\28Pins_Schematic.SchDoc with C2012X5R1C106M085AC from 28Pins_Projects_V1I1.SchLib
Replace Part C4 C2012X7R1H104K085AA (2) in D:\PCB\FEDEVEL\1_Design_Your_Own_Board\28Pins_Projects_V1I1\28Pins_Schematic.SchDoc with C2012X7R1H104K085AA (2) from 28Pins_Projects_V1I1.SchLib
Replace Part C5 C2012X7R1H104K085AA (2) in D:\PCB\FEDEVEL\1_Design_Your_Own_Board\28Pins_Projects_V1I1\28Pins_Schematic.SchDoc with C2012X7R1H104K085AA (2) from 28Pins_Projects_V1I1.SchLib
Replace Part C6 C2012X7R1H104K085AA (2) in D:\PCB\FEDEVEL\1_Design_Your_Own_Board\28Pins_Projects_V1I1\28Pins_Schematic.SchDoc with C2012X7R1H104K085AA (2) from 28Pins_Projects_V1I1.SchLib
Replace Part C7 C2012X5R1E105K125AA in D:\PCB\FEDEVEL\1_Design_Your_Own_Board\28Pins_Projects_V1I1\28Pins_Schematic.SchDoc with C2012X5R1E105K125AA from 28Pins_Projects_V1I1.SchLib
Replace Part C8 C2012X7R1H104K085AA (2) in D:\PCB\FEDEVEL\1_Design_Your_Own_Board\28Pins_Projects_V1I1\28Pins_Schematic.SchDoc with C2012X7R1H104K085AA (2) from 28Pins_Projects_V1I1.SchLib
Replace Part C9 C0805C180J5GACTU in D:\PCB\FEDEVEL\1_Design_Your_Own_Board\28Pins_Projects_V1I1\28Pins_Schematic.SchDoc with C0805C180J5GACTU from 28Pins_Projects_V1I1.SchLib
Replace Part C10 C0805C180J5GACTU in D:\PCB\FEDEVEL\1_Design_Your_Own_Board\28Pins_Projects_V1I1\28Pins_Schematic.SchDoc with C0805C180J5GACTU from 28Pins_Projects_V1I1.SchLib
Replace Part C11 C2012X7R1H104K085AA (2) in D:\PCB\FEDEVEL\1_Design_Your_Own_Board\28Pins_Projects_V1I1\28Pins_Schematic.SchDoc with C2012X7R1H104K085AA (2) from 28Pins_Projects_V1I1.SchLib
Replace Part C12 C2012X5R1C106M085AC in D:\PCB\FEDEVEL\1_Design_Your_Own_Board\28Pins_Projects_V1I1\28Pins_Schematic.SchDoc with C2012X5R1C106M085AC from 28Pins_Projects_V1I1.SchLib
Replace Part C13 C2012X5R1C106M085AC in D:\PCB\FEDEVEL\1_Design_Your_Own_Board\28Pins_Projects_V1I1\28Pins_Schematic.SchDoc with C2012X5R1C106M085AC from 28Pins_Projects_V1I1.SchLib
Replace Part C14 C2012X7R1H104K085AA (2) in D:\PCB\FEDEVEL\1_Design_Your_Own_Board\28Pins_Projects_V1I1\28Pins_Schematic.SchDoc with C2012X7R1H104K085AA (2) from 28Pins_Projects_V1I1.SchLib
Replace Part C15 C2012X7R1H104K085AA (2) in D:\PCB\FEDEVEL\1_Design_Your_Own_Board\28Pins_Projects_V1I1\28Pins_Schematic.SchDoc with C2012X7R1H104K085AA (2) from 28Pins_Projects_V1I1.SchLib
Replace Part C16 C2012X7R1H104K085AA (2) in D:\PCB\FEDEVEL\1_Design_Your_Own_Board\28Pins_Projects_V1I1\28Pins_Schematic.SchDoc with C2012X7R1H104K085AA (2) from 28Pins_Projects_V1I1.SchLib
Replace Part C17 C2012X7R1H104K085AA (2) in D:\PCB\FEDEVEL\1_Design_Your_Own_Board\28Pins_Projects_V1I1\28Pins_Schematic.SchDoc with C2012X7R1H104K085AA (2) from 28Pins_Projects_V1I1.SchLib
Replace Part C19 C2012X5R1C106M085AC in D:\PCB\FEDEVEL\1_Design_Your_Own_Board\28Pins_Projects_V1I1\28Pins_Schematic.SchDoc with C2012X5R1C106M085AC from 28Pins_Projects_V1I1.SchLib
Replace Part C20 C2012X7R1H104K085AA (2) in D:\PCB\FEDEVEL\1_Design_Your_Own_Board\28Pins_Projects_V1I1\28Pins_Schematic.SchDoc with C2012X7R1H104K085AA (2) from 28Pins_Projects_V1I1.SchLib
Replace Part C21 C2012X5R1C106M085AC in D:\PCB\FEDEVEL\1_Design_Your_Own_Board\28Pins_Projects_V1I1\28Pins_Schematic.SchDoc with C2012X5R1C106M085AC from 28Pins_Projects_V1I1.SchLib
Replace Part C22 C2012X5R1C106M085AC in D:\PCB\FEDEVEL\1_Design_Your_Own_Board\28Pins_Projects_V1I1\28Pins_Schematic.SchDoc with C2012X5R1C106M085AC from 28Pins_Projects_V1I1.SchLib
Replace Part C23 C2012X7R1H104K085AA (2) in D:\PCB\FEDEVEL\1_Design_Your_Own_Board\28Pins_Projects_V1I1\28Pins_Schematic.SchDoc with C2012X7R1H104K085AA (2) from 28Pins_Projects_V1I1.SchLib
Replace Part C24 C2012X7R1H104K085AA (2) in D:\PCB\FEDEVEL\1_Design_Your_Own_Board\28Pins_Projects_V1I1\28Pins_Schematic.SchDoc with C2012X7R1H104K085AA (2) from 28Pins_Projects_V1I1.SchLib
Replace Part C25 C0805C180J5GACTU in D:\PCB\FEDEVEL\1_Design_Your_Own_Board\28Pins_Projects_V1I1\28Pins_Schematic.SchDoc with C0805C180J5GACTU from 28Pins_Projects_V1I1.SchLib
Replace Part C26 C2012X7R1H104K085AA (2) in D:\PCB\FEDEVEL\1_Design_Your_Own_Board\28Pins_Projects_V1I1\28Pins_Schematic.SchDoc with C2012X7R1H104K085AA (2) from 28Pins_Projects_V1I1.SchLib
Replace Part C27 C0805C180J5GACTU in D:\PCB\FEDEVEL\1_Design_Your_Own_Board\28Pins_Projects_V1I1\28Pins_Schematic.SchDoc with C0805C180J5GACTU from 28Pins_Projects_V1I1.SchLib
Replace Part C28 C2012X7R1H104K085AA (2) in D:\PCB\FEDEVEL\1_Design_Your_Own_Board\28Pins_Projects_V1I1\28Pins_Schematic.SchDoc with C2012X7R1H104K085AA (2) from 28Pins_Projects_V1I1.SchLib
Replace Part C29 C2012X7R1H104K085AA (2) in D:\PCB\FEDEVEL\1_Design_Your_Own_Board\28Pins_Projects_V1I1\28Pins_Schematic.SchDoc with C2012X7R1H104K085AA (2) from 28Pins_Projects_V1I1.SchLib
Replace Part C30 C2012X7R1H104K085AA (2) in D:\PCB\FEDEVEL\1_Design_Your_Own_Board\28Pins_Projects_V1I1\28Pins_Schematic.SchDoc with C2012X7R1H104K085AA (2) from 28Pins_Projects_V1I1.SchLib
Replace Part C31 C2012X7R1H104K085AA (2) in D:\PCB\FEDEVEL\1_Design_Your_Own_Board\28Pins_Projects_V1I1\28Pins_Schematic.SchDoc with C2012X7R1H104K085AA (2) from 28Pins_Projects_V1I1.SchLib
Replace Part C32 C2012X7R1H104K085AA (2) in D:\PCB\FEDEVEL\1_Design_Your_Own_Board\28Pins_Projects_V1I1\28Pins_Schematic.SchDoc with C2012X7R1H104K085AA (2) from 28Pins_Projects_V1I1.SchLib
Replace Part C33 C2012X7R1H104K085AA (2) in D:\PCB\FEDEVEL\1_Design_Your_Own_Board\28Pins_Projects_V1I1\28Pins_Schematic.SchDoc with C2012X7R1H104K085AA (2) from 28Pins_Projects_V1I1.SchLib
Replace Part C34 C2012X5R1C106M085AC in D:\PCB\FEDEVEL\1_Design_Your_Own_Board\28Pins_Projects_V1I1\28Pins_Schematic.SchDoc with C2012X5R1C106M085AC from 28Pins_Projects_V1I1.SchLib
Replace Part D1 LGL29K-G2J1-24-Z in D:\PCB\FEDEVEL\1_Design_Your_Own_Board\28Pins_Projects_V1I1\28Pins_Schematic.SchDoc with LGL29K-G2J1-24-Z from 28Pins_Projects_V1I1.SchLib
Replace Part D2 LOL29K-H2K1-24 in D:\PCB\FEDEVEL\1_Design_Your_Own_Board\28Pins_Projects_V1I1\28Pins_Schematic.SchDoc with LOL29K-H2K1-24 from 28Pins_Projects_V1I1.SchLib
Replace Part D3 LOL29K-H2K1-24 in D:\PCB\FEDEVEL\1_Design_Your_Own_Board\28Pins_Projects_V1I1\28Pins_Schematic.SchDoc with LOL29K-H2K1-24 from 28Pins_Projects_V1I1.SchLib
Replace Part D4 LOL29K-H2K1-24 in D:\PCB\FEDEVEL\1_Design_Your_Own_Board\28Pins_Projects_V1I1\28Pins_Schematic.SchDoc with LOL29K-H2K1-24 from 28Pins_Projects_V1I1.SchLib
Replace Part D5 BAT54HT1G in D:\PCB\FEDEVEL\1_Design_Your_Own_Board\28Pins_Projects_V1I1\28Pins_Schematic.SchDoc with BAT54HT1G from 28Pins_Projects_V1I1.SchLib
Replace Part D6 BAT54HT1G in D:\PCB\FEDEVEL\1_Design_Your_Own_Board\28Pins_Projects_V1I1\28Pins_Schematic.SchDoc with BAT54HT1G from 28Pins_Projects_V1I1.SchLib
Replace Part FB1 MPZ2012S601AT000 in D:\PCB\FEDEVEL\1_Design_Your_Own_Board\28Pins_Projects_V1I1\28Pins_Schematic.SchDoc with MPZ2012S601AT000 from 28Pins_Projects_V1I1.SchLib
Replace Part FB2 MPZ2012S601AT000 in D:\PCB\FEDEVEL\1_Design_Your_Own_Board\28Pins_Projects_V1I1\28Pins_Schematic.SchDoc with MPZ2012S601AT000 from 28Pins_Projects_V1I1.SchLib
Replace Part FB3 MPZ2012S601AT000 in D:\PCB\FEDEVEL\1_Design_Your_Own_Board\28Pins_Projects_V1I1\28Pins_Schematic.SchDoc with MPZ2012S601AT000 from 28Pins_Projects_V1I1.SchLib
Replace Part FID1 FID_1MMC in D:\PCB\FEDEVEL\1_Design_Your_Own_Board\28Pins_Projects_V1I1\28Pins_Schematic.SchDoc with FID_1MMC from 28Pins_Projects_V1I1.SchLib
Replace Part FID2 FID_1MMC in D:\PCB\FEDEVEL\1_Design_Your_Own_Board\28Pins_Projects_V1I1\28Pins_Schematic.SchDoc with FID_1MMC from 28Pins_Projects_V1I1.SchLib
Replace Part FID3 FID_1MMC in D:\PCB\FEDEVEL\1_Design_Your_Own_Board\28Pins_Projects_V1I1\28Pins_Schematic.SchDoc with FID_1MMC from 28Pins_Projects_V1I1.SchLib
Replace Part FID4 FID_1MMC in D:\PCB\FEDEVEL\1_Design_Your_Own_Board\28Pins_Projects_V1I1\28Pins_Schematic.SchDoc with FID_1MMC from 28Pins_Projects_V1I1.SchLib
Replace Part J1 M20-7820842 in D:\PCB\FEDEVEL\1_Design_Your_Own_Board\28Pins_Projects_V1I1\28Pins_Schematic.SchDoc with M20-7820842 from 28Pins_Projects_V1I1.SchLib
Replace Part J2 M20-7820646 in D:\PCB\FEDEVEL\1_Design_Your_Own_Board\28Pins_Projects_V1I1\28Pins_Schematic.SchDoc with M20-7820646 from 28Pins_Projects_V1I1.SchLib
Replace Part J3 M20-7820842 in D:\PCB\FEDEVEL\1_Design_Your_Own_Board\28Pins_Projects_V1I1\28Pins_Schematic.SchDoc with M20-7820842 from 28Pins_Projects_V1I1.SchLib
Replace Part J4 M20-7821046 in D:\PCB\FEDEVEL\1_Design_Your_Own_Board\28Pins_Projects_V1I1\28Pins_Schematic.SchDoc with M20-7821046 from 28Pins_Projects_V1I1.SchLib
Replace Part J5 67997-106HLF in D:\PCB\FEDEVEL\1_Design_Your_Own_Board\28Pins_Projects_V1I1\28Pins_Schematic.SchDoc with 67997-106HLF from 28Pins_Projects_V1I1.SchLib
Replace Part J6 67997-106HLF in D:\PCB\FEDEVEL\1_Design_Your_Own_Board\28Pins_Projects_V1I1\28Pins_Schematic.SchDoc with 67997-106HLF from 28Pins_Projects_V1I1.SchLib
Replace Part J7 10118193-0001LF in D:\PCB\FEDEVEL\1_Design_Your_Own_Board\28Pins_Projects_V1I1\28Pins_Schematic.SchDoc with 10118193-0001LF from 28Pins_Projects_V1I1.SchLib
Replace Part J8 PAD_WITH_HOLE_4MMx1.5MM in D:\PCB\FEDEVEL\1_Design_Your_Own_Board\28Pins_Projects_V1I1\28Pins_Schematic.SchDoc with PAD_WITH_HOLE_4MMx1.5MM from 28Pins_Projects_V1I1.SchLib
Replace Part J9 PAD_WITH_HOLE_4MMx1.5MM in D:\PCB\FEDEVEL\1_Design_Your_Own_Board\28Pins_Projects_V1I1\28Pins_Schematic.SchDoc with PAD_WITH_HOLE_4MMx1.5MM from 28Pins_Projects_V1I1.SchLib
Replace Part JP1 68000-103HLF in D:\PCB\FEDEVEL\1_Design_Your_Own_Board\28Pins_Projects_V1I1\28Pins_Schematic.SchDoc with 68000-103HLF from 28Pins_Projects_V1I1.SchLib
Replace Part JP2 68602-204HLF in D:\PCB\FEDEVEL\1_Design_Your_Own_Board\28Pins_Projects_V1I1\28Pins_Schematic.SchDoc with 68602-204HLF from 28Pins_Projects_V1I1.SchLib
Replace Part JP3 68001-204HLF in D:\PCB\FEDEVEL\1_Design_Your_Own_Board\28Pins_Projects_V1I1\28Pins_Schematic.SchDoc with 68001-204HLF from 28Pins_Projects_V1I1.SchLib
Replace Part JP4 68000-103HLF in D:\PCB\FEDEVEL\1_Design_Your_Own_Board\28Pins_Projects_V1I1\28Pins_Schematic.SchDoc with 68000-103HLF from 28Pins_Projects_V1I1.SchLib
Replace Part L1 L1210R2R2MDWIT in D:\PCB\FEDEVEL\1_Design_Your_Own_Board\28Pins_Projects_V1I1\28Pins_Schematic.SchDoc with L1210R2R2MDWIT from 28Pins_Projects_V1I1.SchLib
Replace Part LINK1 QPC02SXGN-RC in D:\PCB\FEDEVEL\1_Design_Your_Own_Board\28Pins_Projects_V1I1\28Pins_Schematic.SchDoc with QPC02SXGN-RC from 28Pins_Projects_V1I1.SchLib
Replace Part LINK2 QPC02SXGN-RC in D:\PCB\FEDEVEL\1_Design_Your_Own_Board\28Pins_Projects_V1I1\28Pins_Schematic.SchDoc with QPC02SXGN-RC from 28Pins_Projects_V1I1.SchLib
Replace Part LINK3 QPC02SXGN-RC in D:\PCB\FEDEVEL\1_Design_Your_Own_Board\28Pins_Projects_V1I1\28Pins_Schematic.SchDoc with QPC02SXGN-RC from 28Pins_Projects_V1I1.SchLib
Replace Part MH1 MH_7.4MMC_3.2MMD in D:\PCB\FEDEVEL\1_Design_Your_Own_Board\28Pins_Projects_V1I1\28Pins_Schematic.SchDoc with MH_7.4MMC_3.2MMD from 28Pins_Projects_V1I1.SchLib
Replace Part MH2 MH_7.4MMC_3.2MMD in D:\PCB\FEDEVEL\1_Design_Your_Own_Board\28Pins_Projects_V1I1\28Pins_Schematic.SchDoc with MH_7.4MMC_3.2MMD from 28Pins_Projects_V1I1.SchLib
Replace Part MH3 MH_7.4MMC_3.2MMD in D:\PCB\FEDEVEL\1_Design_Your_Own_Board\28Pins_Projects_V1I1\28Pins_Schematic.SchDoc with MH_7.4MMC_3.2MMD from 28Pins_Projects_V1I1.SchLib
Replace Part MH4 MH_7.4MM_NC_3.2MMD in D:\PCB\FEDEVEL\1_Design_Your_Own_Board\28Pins_Projects_V1I1\28Pins_Schematic.SchDoc with MH_7.4MM_NC_3.2MMD from 28Pins_Projects_V1I1.SchLib
Replace Part R1 RC0805FR-0710KL in D:\PCB\FEDEVEL\1_Design_Your_Own_Board\28Pins_Projects_V1I1\28Pins_Schematic.SchDoc with RC0805FR-0710KL from 28Pins_Projects_V1I1.SchLib
Replace Part R2 RC0805FR-07560RL in D:\PCB\FEDEVEL\1_Design_Your_Own_Board\28Pins_Projects_V1I1\28Pins_Schematic.SchDoc with RC0805FR-07560RL from 28Pins_Projects_V1I1.SchLib
Replace Part R3 RC0805FR-07560RL in D:\PCB\FEDEVEL\1_Design_Your_Own_Board\28Pins_Projects_V1I1\28Pins_Schematic.SchDoc with RC0805FR-07560RL from 28Pins_Projects_V1I1.SchLib
Replace Part R4 RC0805FR-0710KL in D:\PCB\FEDEVEL\1_Design_Your_Own_Board\28Pins_Projects_V1I1\28Pins_Schematic.SchDoc with RC0805FR-0710KL from 28Pins_Projects_V1I1.SchLib
Replace Part R5 RC0805FR-0722RL in D:\PCB\FEDEVEL\1_Design_Your_Own_Board\28Pins_Projects_V1I1\28Pins_Schematic.SchDoc with RC0805FR-0722RL from 28Pins_Projects_V1I1.SchLib
Replace Part R6 RC0805FR-0722RL in D:\PCB\FEDEVEL\1_Design_Your_Own_Board\28Pins_Projects_V1I1\28Pins_Schematic.SchDoc with RC0805FR-0722RL from 28Pins_Projects_V1I1.SchLib
Replace Part R7 RC0805FR-0722RL in D:\PCB\FEDEVEL\1_Design_Your_Own_Board\28Pins_Projects_V1I1\28Pins_Schematic.SchDoc with RC0805FR-0722RL from 28Pins_Projects_V1I1.SchLib
Replace Part R8 RC0805JR-070RL in D:\PCB\FEDEVEL\1_Design_Your_Own_Board\28Pins_Projects_V1I1\28Pins_Schematic.SchDoc with RC0805JR-070RL from 28Pins_Projects_V1I1.SchLib
Replace Part R9 RC0805FR-071ML in D:\PCB\FEDEVEL\1_Design_Your_Own_Board\28Pins_Projects_V1I1\28Pins_Schematic.SchDoc with RC0805FR-071ML from 28Pins_Projects_V1I1.SchLib
Replace Part R10 RC0805FR-071KL in D:\PCB\FEDEVEL\1_Design_Your_Own_Board\28Pins_Projects_V1I1\28Pins_Schematic.SchDoc with RC0805FR-071KL from 28Pins_Projects_V1I1.SchLib
Replace Part R11 RC0805FR-071KL in D:\PCB\FEDEVEL\1_Design_Your_Own_Board\28Pins_Projects_V1I1\28Pins_Schematic.SchDoc with RC0805FR-071KL from 28Pins_Projects_V1I1.SchLib
Replace Part R12 RC0805FR-071KL in D:\PCB\FEDEVEL\1_Design_Your_Own_Board\28Pins_Projects_V1I1\28Pins_Schematic.SchDoc with RC0805FR-071KL from 28Pins_Projects_V1I1.SchLib
Replace Part R13 RC0805FR-0722RL in D:\PCB\FEDEVEL\1_Design_Your_Own_Board\28Pins_Projects_V1I1\28Pins_Schematic.SchDoc with RC0805FR-0722RL from 28Pins_Projects_V1I1.SchLib
Replace Part R14 RC0805FR-0710KL in D:\PCB\FEDEVEL\1_Design_Your_Own_Board\28Pins_Projects_V1I1\28Pins_Schematic.SchDoc with RC0805FR-0710KL from 28Pins_Projects_V1I1.SchLib
Replace Part R15 RC0805FR-07560RL in D:\PCB\FEDEVEL\1_Design_Your_Own_Board\28Pins_Projects_V1I1\28Pins_Schematic.SchDoc with RC0805FR-07560RL from 28Pins_Projects_V1I1.SchLib
Replace Part R16 RC0805FR-071ML in D:\PCB\FEDEVEL\1_Design_Your_Own_Board\28Pins_Projects_V1I1\28Pins_Schematic.SchDoc with RC0805FR-071ML from 28Pins_Projects_V1I1.SchLib
Replace Part R17 RC0805FR-07560RL in D:\PCB\FEDEVEL\1_Design_Your_Own_Board\28Pins_Projects_V1I1\28Pins_Schematic.SchDoc with RC0805FR-07560RL from 28Pins_Projects_V1I1.SchLib
Replace Part R18 RC0805FR-0710KL in D:\PCB\FEDEVEL\1_Design_Your_Own_Board\28Pins_Projects_V1I1\28Pins_Schematic.SchDoc with RC0805FR-0710KL from 28Pins_Projects_V1I1.SchLib
Replace Part R19 RC0805FR-0710KL in D:\PCB\FEDEVEL\1_Design_Your_Own_Board\28Pins_Projects_V1I1\28Pins_Schematic.SchDoc with RC0805FR-0710KL from 28Pins_Projects_V1I1.SchLib
Replace Part R20 RC0805FR-0710KL in D:\PCB\FEDEVEL\1_Design_Your_Own_Board\28Pins_Projects_V1I1\28Pins_Schematic.SchDoc with RC0805FR-0710KL from 28Pins_Projects_V1I1.SchLib
Replace Part R21 RC0805FR-0710KL in D:\PCB\FEDEVEL\1_Design_Your_Own_Board\28Pins_Projects_V1I1\28Pins_Schematic.SchDoc with RC0805FR-0710KL from 28Pins_Projects_V1I1.SchLib
Replace Part R22 RC0805FR-07560RL in D:\PCB\FEDEVEL\1_Design_Your_Own_Board\28Pins_Projects_V1I1\28Pins_Schematic.SchDoc with RC0805FR-07560RL from 28Pins_Projects_V1I1.SchLib
Replace Part R23 RC0805FR-0722RL in D:\PCB\FEDEVEL\1_Design_Your_Own_Board\28Pins_Projects_V1I1\28Pins_Schematic.SchDoc with RC0805FR-0722RL from 28Pins_Projects_V1I1.SchLib
Replace Part R24 RC0805FR-0722RL in D:\PCB\FEDEVEL\1_Design_Your_Own_Board\28Pins_Projects_V1I1\28Pins_Schematic.SchDoc with RC0805FR-0722RL from 28Pins_Projects_V1I1.SchLib
Replace Part R25 RC0805FR-0722RL in D:\PCB\FEDEVEL\1_Design_Your_Own_Board\28Pins_Projects_V1I1\28Pins_Schematic.SchDoc with RC0805FR-0722RL from 28Pins_Projects_V1I1.SchLib
Replace Part R26 RC0805JR-070RL in D:\PCB\FEDEVEL\1_Design_Your_Own_Board\28Pins_Projects_V1I1\28Pins_Schematic.SchDoc with RC0805JR-070RL from 28Pins_Projects_V1I1.SchLib
Replace Part R27 RC0805JR-070RL in D:\PCB\FEDEVEL\1_Design_Your_Own_Board\28Pins_Projects_V1I1\28Pins_Schematic.SchDoc with RC0805JR-070RL from 28Pins_Projects_V1I1.SchLib
Replace Part R28 RC0805JR-070RL in D:\PCB\FEDEVEL\1_Design_Your_Own_Board\28Pins_Projects_V1I1\28Pins_Schematic.SchDoc with RC0805JR-070RL from 28Pins_Projects_V1I1.SchLib
Replace Part SCKT FOR U1 4828-3004-CP in D:\PCB\FEDEVEL\1_Design_Your_Own_Board\28Pins_Projects_V1I1\28Pins_Schematic.SchDoc with 4828-3004-CP from 28Pins_Projects_V1I1.SchLib
Replace Part SW1 1825910-6 in D:\PCB\FEDEVEL\1_Design_Your_Own_Board\28Pins_Projects_V1I1\28Pins_Schematic.SchDoc with 1825910-6 from 28Pins_Projects_V1I1.SchLib
Replace Part SW2 1825910-6 in D:\PCB\FEDEVEL\1_Design_Your_Own_Board\28Pins_Projects_V1I1\28Pins_Schematic.SchDoc with 1825910-6 from 28Pins_Projects_V1I1.SchLib
Replace Part U1 ATMEGA328P-PU in D:\PCB\FEDEVEL\1_Design_Your_Own_Board\28Pins_Projects_V1I1\28Pins_Schematic.SchDoc with ATMEGA328P-PU from 28Pins_Projects_V1I1.SchLib
Replace Part U2 ATMEGA16U2-AU in D:\PCB\FEDEVEL\1_Design_Your_Own_Board\28Pins_Projects_V1I1\28Pins_Schematic.SchDoc with ATMEGA16U2-AU from 28Pins_Projects_V1I1.SchLib
Replace Part U3 TL1963A-33DCQR in D:\PCB\FEDEVEL\1_Design_Your_Own_Board\28Pins_Projects_V1I1\28Pins_Schematic.SchDoc with TL1963A-33DCQR from 28Pins_Projects_V1I1.SchLib
Replace Part U4 SN74AHC1G09DBVR in D:\PCB\FEDEVEL\1_Design_Your_Own_Board\28Pins_Projects_V1I1\28Pins_Schematic.SchDoc with SN74AHC1G09DBVR from 28Pins_Projects_V1I1.SchLib
Replace Part U5 SN74AHC1G09DBVR in D:\PCB\FEDEVEL\1_Design_Your_Own_Board\28Pins_Projects_V1I1\28Pins_Schematic.SchDoc with SN74AHC1G09DBVR from 28Pins_Projects_V1I1.SchLib
Replace Part U6 SN74AHC1G09DBVR in D:\PCB\FEDEVEL\1_Design_Your_Own_Board\28Pins_Projects_V1I1\28Pins_Schematic.SchDoc with SN74AHC1G09DBVR from 28Pins_Projects_V1I1.SchLib
Replace Part U7 SN74AHC1G09DBVR in D:\PCB\FEDEVEL\1_Design_Your_Own_Board\28Pins_Projects_V1I1\28Pins_Schematic.SchDoc with SN74AHC1G09DBVR from 28Pins_Projects_V1I1.SchLib
Replace Part Y1 ABM7-16.000MHZ-D2Y-T in D:\PCB\FEDEVEL\1_Design_Your_Own_Board\28Pins_Projects_V1I1\28Pins_Schematic.SchDoc with ABM7-16.000MHZ-D2Y-T from 28Pins_Projects_V1I1.SchLib
Replace Part Y2 ABM7-16.000MHZ-D2Y-T in D:\PCB\FEDEVEL\1_Design_Your_Own_Board\28Pins_Projects_V1I1\28Pins_Schematic.SchDoc with ABM7-16.000MHZ-D2Y-T from 28Pins_Projects_V1I1.SchLib
Replace Part Z1 CG0603MLC-05E in D:\PCB\FEDEVEL\1_Design_Your_Own_Board\28Pins_Projects_V1I1\28Pins_Schematic.SchDoc with CG0603MLC-05E from 28Pins_Projects_V1I1.SchLib
Replace Part Z2 CG0603MLC-05E in D:\PCB\FEDEVEL\1_Design_Your_Own_Board\28Pins_Projects_V1I1\28Pins_Schematic.SchDoc with CG0603MLC-05E from 28Pins_Projects_V1I1.SchLib
